# JRE version: Java(TM) SE Runtime Environment (8.0_77-b03) (build 1.8.0_77-b03)
# Java VM: Java HotSpot(TM) 64-Bit Server VM (25.77-b03 mixed mode windows-amd64 compressed oops)
Heap:
 PSYoungGen      total 56320K, used 8385K [0x0000000781780000, 0x0000000785600000, 0x00000007c0000000)
  eden space 48640K, 17% used [0x0000000781780000,0x0000000781fb0410,0x0000000784700000)
  from space 7680K, 0% used [0x0000000784e80000,0x0000000784e80000,0x0000000785600000)
  to   space 7680K, 0% used [0x0000000784700000,0x0000000784700000,0x0000000784e80000)
 ParOldGen       total 128512K, used 90793K [0x0000000704600000, 0x000000070c380000, 0x0000000781780000)
  object space 128512K, 70% used [0x0000000704600000,0x0000000709eaa628,0x000000070c380000)
 Metaspace       used 6994K, capacity 7234K, committed 7424K, reserved 1056768K
  class space    used 819K, capacity 899K, committed 1024K, reserved 1048576K
GC Heap History (10 events):
Event: 0.564 GC heap before
{Heap before GC invocations=2 (full 0):
 PSYoungGen      total 56320K, used 54688K [0x0000000781780000, 0x0000000785600000, 0x00000007c0000000)
  eden space 48640K, 96% used [0x0000000781780000,0x000000078456bc20,0x0000000784700000)
  from space 7680K, 99% used [0x0000000784700000,0x0000000784e7c5c8,0x0000000784e80000)
  to   space 7680K, 0% used [0x0000000784e80000,0x0000000784e80000,0x0000000785600000)
 ParOldGen       total 128512K, used 35217K [0x0000000704600000, 0x000000070c380000, 0x0000000781780000)
  object space 128512K, 27% used [0x0000000704600000,0x0000000706864428,0x000000070c380000)
 Metaspace       used 5855K, capacity 6002K, committed 6144K, reserved 1056768K
  class space    used 656K, capacity 699K, committed 768K, reserved 1048576K
Event: 0.575 GC heap after
Heap after GC invocations=2 (full 0):
 PSYoungGen      total 56320K, used 6061K [0x0000000781780000, 0x0000000785600000, 0x00000007c0000000)
  eden space 48640K, 0% used [0x0000000781780000,0x0000000781780000,0x0000000784700000)
  from space 7680K, 78% used [0x0000000784e80000,0x000000078546b728,0x0000000785600000)
  to   space 7680K, 0% used [0x0000000784700000,0x0000000784700000,0x0000000784e80000)
 ParOldGen       total 128512K, used 75736K [0x0000000704600000, 0x000000070c380000, 0x0000000781780000)
  object space 128512K, 58% used [0x0000000704600000,0x0000000708ff6080,0x000000070c380000)
 Metaspace       used 5855K, capacity 6002K, committed 6144K, reserved 1056768K
  class space    used 656K, capacity 699K, committed 768K, reserved 1048576K
}
Event: 0.721 GC heap before
{Heap before GC invocations=3 (full 0):
 PSYoungGen      total 56320K, used 54482K [0x0000000781780000, 0x0000000785600000, 0x00000007c0000000)
  eden space 48640K, 99% used [0x0000000781780000,0x00000007846c92c8,0x0000000784700000)
  from space 7680K, 78% used [0x0000000784e80000,0x000000078546b728,0x0000000785600000)
  to   space 7680K, 0% used [0x0000000784700000,0x0000000784700000,0x0000000784e80000)
 ParOldGen       total 128512K, used 75736K [0x0000000704600000, 0x000000070c380000, 0x0000000781780000)
  object space 128512K, 58% used [0x0000000704600000,0x0000000708ff6080,0x000000070c380000)
 Metaspace       used 5856K, capacity 6002K, committed 6144K, reserved 1056768K
  class space    used 656K, capacity 699K, committed 768K, reserved 1048576K
Event: 0.732 GC heap after
Heap after GC invocations=3 (full 0):
 PSYoungGen      total 56320K, used 7672K [0x0000000781780000, 0x0000000785600000, 0x00000007c0000000)
  eden space 48640K, 0% used [0x0000000781780000,0x0000000781780000,0x0000000784700000)
  from space 7680K, 99% used [0x0000000784700000,0x0000000784e7e0f8,0x0000000784e80000)
  to   space 7680K, 0% used [0x0000000784e80000,0x0000000784e80000,0x0000000785600000)
 ParOldGen       total 128512K, used 112236K [0x0000000704600000, 0x000000070c380000, 0x0000000781780000)
  object space 128512K, 87% used [0x0000000704600000,0x000000070b39b3b0,0x000000070c380000)
 Metaspace       used 5856K, capacity 6002K, committed 6144K, reserved 1056768K
  class space    used 656K, capacity 699K, committed 768K, reserved 1048576K
}
Event: 0.732 GC heap before
{Heap before GC invocations=4 (full 1):
 PSYoungGen      total 56320K, used 7672K [0x0000000781780000, 0x0000000785600000, 0x00000007c0000000)
  eden space 48640K, 0% used [0x0000000781780000,0x0000000781780000,0x0000000784700000)
  from space 7680K, 99% used [0x0000000784700000,0x0000000784e7e0f8,0x0000000784e80000)
  to   space 7680K, 0% used [0x0000000784e80000,0x0000000784e80000,0x0000000785600000)
 ParOldGen       total 128512K, used 112236K [0x0000000704600000, 0x000000070c380000, 0x0000000781780000)
  object space 128512K, 87% used [0x0000000704600000,0x000000070b39b3b0,0x000000070c380000)
 Metaspace       used 5856K, capacity 6002K, committed 6144K, reserved 1056768K
  class space    used 656K, capacity 699K, committed 768K, reserved 1048576K
Event: 0.749 GC heap after
Heap after GC invocations=4 (full 1):
 PSYoungGen      total 56320K, used 0K [0x0000000781780000, 0x0000000785600000, 0x00000007c0000000)
  eden space 48640K, 0% used [0x0000000781780000,0x0000000781780000,0x0000000784700000)
  from space 7680K, 0% used [0x0000000784700000,0x0000000784700000,0x0000000784e80000)
  to   space 7680K, 0% used [0x0000000784e80000,0x0000000784e80000,0x0000000785600000)
 ParOldGen       total 128512K, used 71426K [0x0000000704600000, 0x000000070c380000, 0x0000000781780000)
  object space 128512K, 55% used [0x0000000704600000,0x0000000708bc0930,0x000000070c380000)
 Metaspace       used 5856K, capacity 6002K, committed 6144K, reserved 1056768K
  class space    used 656K, capacity 699K, committed 768K, reserved 1048576K
}
Event: 1.499 GC heap before
{Heap before GC invocations=5 (full 1):
 PSYoungGen      total 56320K, used 47367K [0x0000000781780000, 0x0000000785600000, 0x00000007c0000000)
  eden space 48640K, 97% used [0x0000000781780000,0x00000007845c1ea0,0x0000000784700000)
  from space 7680K, 0% used [0x0000000784700000,0x0000000784700000,0x0000000784e80000)
  to   space 7680K, 0% used [0x0000000784e80000,0x0000000784e80000,0x0000000785600000)
 ParOldGen       total 128512K, used 71426K [0x0000000704600000, 0x000000070c380000, 0x0000000781780000)
  object space 128512K, 55% used [0x0000000704600000,0x0000000708bc0930,0x000000070c380000)
 Metaspace       used 6264K, capacity 6454K, committed 6528K, reserved 1056768K
  class space    used 732K, capacity 831K, committed 896K, reserved 1048576K
Event: 1.512 GC heap after
Heap after GC invocations=5 (full 1):
 PSYoungGen      total 56320K, used 7514K [0x0000000781780000, 0x0000000785600000, 0x00000007c0000000)
  eden space 48640K, 0% used [0x0000000781780000,0x0000000781780000,0x0000000784700000)
  from space 7680K, 97% used [0x0000000784e80000,0x00000007855d6850,0x0000000785600000)
  to   space 7680K, 0% used [0x0000000784700000,0x0000000784700000,0x0000000784e80000)
 ParOldGen       total 128512K, used 90915K [0x0000000704600000, 0x000000070c380000, 0x0000000781780000)
  object space 128512K, 70% used [0x0000000704600000,0x0000000709ec8ec0,0x000000070c380000)
 Metaspace       used 6264K, capacity 6454K, committed 6528K, reserved 1056768K
  class space    used 732K, capacity 831K, committed 896K, reserved 1048576K
}
Event: 1.512 GC heap before
{Heap before GC invocations=6 (full 2):
 PSYoungGen      total 56320K, used 7514K [0x0000000781780000, 0x0000000785600000, 0x00000007c0000000)
  eden space 48640K, 0% used [0x0000000781780000,0x0000000781780000,0x0000000784700000)
  from space 7680K, 97% used [0x0000000784e80000,0x00000007855d6850,0x0000000785600000)
  to   space 7680K, 0% used [0x0000000784700000,0x0000000784700000,0x0000000784e80000)
 ParOldGen       total 128512K, used 90915K [0x0000000704600000, 0x000000070c380000, 0x0000000781780000)
  object space 128512K, 70% used [0x0000000704600000,0x0000000709ec8ec0,0x000000070c380000)
 Metaspace       used 6264K, capacity 6454K, committed 6528K, reserved 1056768K
  class space    used 732K, capacity 831K, committed 896K, reserved 1048576K
Event: 1.550 GC heap after
Heap after GC invocations=6 (full 2):
 PSYoungGen      total 56320K, used 0K [0x0000000781780000, 0x0000000785600000, 0x00000007c0000000)
  eden space 48640K, 0% used [0x0000000781780000,0x0000000781780000,0x0000000784700000)
  from space 7680K, 0% used [0x0000000784e80000,0x0000000784e80000,0x0000000785600000)
  to   space 7680K, 0% used [0x0000000784700000,0x0000000784700000,0x0000000784e80000)
 ParOldGen       total 128512K, used 90793K [0x0000000704600000, 0x000000070c380000, 0x0000000781780000)
  object space 128512K, 70% used [0x0000000704600000,0x0000000709eaa628,0x000000070c380000)
 Metaspace       used 6264K, capacity 6454K, committed 6528K, reserved 1056768K
  class space    used 732K, capacity 831K, committed 896K, reserved 1048576K
}

